During startup - Warning messages:
1: Setting LC_CTYPE failed, using "C" 
2: Setting LC_COLLATE failed, using "C" 
3: Setting LC_TIME failed, using "C" 
4: Setting LC_MESSAGES failed, using "C" 
5: Setting LC_MONETARY failed, using "C" 
6: Setting LC_PAPER failed, using "C" 
7: Setting LC_MEASUREMENT failed, using "C" 
This is cmdstanr version 0.7.1
- CmdStanR documentation and vignettes: mc-stan.org/cmdstanr
- CmdStan path: /conda/envs/rstan/bin/cmdstan
- CmdStan version: 2.34.1
-- Attaching core tidyverse packages ------------------------ tidyverse 2.0.0 --
v dplyr     1.1.3     v readr     2.1.4
v forcats   1.0.0     v stringr   1.5.1
v ggplot2   3.5.0     v tibble    3.2.1
v lubridate 1.9.2     v tidyr     1.3.1
v purrr     1.0.2     
-- Conflicts ------------------------------------------ tidyverse_conflicts() --
x dplyr::filter() masks stats::filter()
x dplyr::lag()    masks stats::lag()
i Use the conflicted package (<http://conflicted.r-lib.org/>) to force all conflicts to become errors
Warning message:
Failed to locate timezone database 

Attaching package: 'jsonlite'

The following object is masked from 'package:purrr':

    flatten

Rows: 12 Columns: 6
-- Column specification --------------------------------------------------------
Delimiter: ","
chr (5): genotype, sample, rep, strand, file
dbl (1): norm_factor

i Use `spec()` to retrieve the full column specification for this data.
i Specify the column types or set `show_col_types = FALSE` to quiet this message.
`summarise()` has grouped output by 'sample_id', 'seqname'. You can override
using the `.groups` argument.

-- Column specification --------------------------------------------------------
cols(
  X1 = col_double()
)


-- Column specification --------------------------------------------------------
cols(
  X1 = col_double()
)


-- Column specification --------------------------------------------------------
cols(
  X1 = col_double()
)


-- Column specification --------------------------------------------------------
cols(
  X1 = col_double()
)


-- Column specification --------------------------------------------------------
cols(
  X1 = col_double()
)


-- Column specification --------------------------------------------------------
cols(
  X1 = col_double()
)

Warning message:
'threads' is set but the model was not compiled with 'cpp_options = list(stan_threads = TRUE)' so 'threads' will have no effect! 
