[1] "Reading data used by stan"
[1] "Reading cmdstanVBfit object"
[1] "Running command:"
[1] "/src/R/../bin/parse_cmdstan_csv /corexfs/schroedj/src/enricherator/examples/nonstranded/example_results/draws_5/draws-1.csv /corexfs/schroedj/src/enricherator/examples/nonstranded/example_results/draws_5/summaries.txt /corexfs/schroedj/src/enricherator/examples/nonstranded/example_results/draws_5/samples.csv 500 Alpha 1,Beta 1"
Reading "Alpha,Beta" from /corexfs/schroedj/src/enricherator/examples/nonstranded/example_results/draws_5/draws-1.csv
total number of columns: 14154
First var column: (1544, (0, 0, 0, "Beta"))
Final var column: (9949, (2, 0, 1400, "Alpha"))
Number of vars: 8406
Getting values for sample 1
Getting values for sample 2
Getting values for sample 3
Getting values for sample 4
Getting values for sample 5
Getting values for sample 6
Getting values for sample 7
Getting values for sample 8
Getting values for sample 9
Getting values for sample 10
Getting values for sample 11
Getting values for sample 12
Getting values for sample 13
Getting values for sample 14
Getting values for sample 15
Getting values for sample 16
Getting values for sample 17
Getting values for sample 18
Getting values for sample 19
Getting values for sample 20
Getting values for sample 21
Getting values for sample 22
Getting values for sample 23
Getting values for sample 24
Getting values for sample 25
Getting values for sample 26
Getting values for sample 27
Getting values for sample 28
Getting values for sample 29
Getting values for sample 30
Getting values for sample 31
Getting values for sample 32
Getting values for sample 33
Getting values for sample 34
Getting values for sample 35
Getting values for sample 36
Getting values for sample 37
Getting values for sample 38
Getting values for sample 39
Getting values for sample 40
Getting values for sample 41
Getting values for sample 42
Getting values for sample 43
Getting values for sample 44
Getting values for sample 45
Getting values for sample 46
Getting values for sample 47
Getting values for sample 48
Getting values for sample 49
Getting values for sample 50
Getting values for sample 51
Getting values for sample 52
Getting values for sample 53
Getting values for sample 54
Getting values for sample 55
Getting values for sample 56
Getting values for sample 57
Getting values for sample 58
Getting values for sample 59
Getting values for sample 60
Getting values for sample 61
Getting values for sample 62
Getting values for sample 63
Getting values for sample 64
Getting values for sample 65
Getting values for sample 66
Getting values for sample 67
Getting values for sample 68
Getting values for sample 69
Getting values for sample 70
Getting values for sample 71
Getting values for sample 72
Getting values for sample 73
Getting values for sample 74
Getting values for sample 75
Getting values for sample 76
Getting values for sample 77
Getting values for sample 78
Getting values for sample 79
Getting values for sample 80
Getting values for sample 81
Getting values for sample 82
Getting values for sample 83
Getting values for sample 84
Getting values for sample 85
Getting values for sample 86
Getting values for sample 87
Getting values for sample 88
Getting values for sample 89
Getting values for sample 90
Getting values for sample 91
Getting values for sample 92
Getting values for sample 93
Getting values for sample 94
Getting values for sample 95
Getting values for sample 96
Getting values for sample 97
Getting values for sample 98
Getting values for sample 99
Getting values for sample 100
Getting values for sample 101
Getting values for sample 102
Getting values for sample 103
Getting values for sample 104
Getting values for sample 105
Getting values for sample 106
Getting values for sample 107
Getting values for sample 108
Getting values for sample 109
Getting values for sample 110
Getting values for sample 111
Getting values for sample 112
Getting values for sample 113
Getting values for sample 114
Getting values for sample 115
Getting values for sample 116
Getting values for sample 117
Getting values for sample 118
Getting values for sample 119
Getting values for sample 120
Getting values for sample 121
Getting values for sample 122
Getting values for sample 123
Getting values for sample 124
Getting values for sample 125
Getting values for sample 126
Getting values for sample 127
Getting values for sample 128
Getting values for sample 129
Getting values for sample 130
Getting values for sample 131
Getting values for sample 132
Getting values for sample 133
Getting values for sample 134
Getting values for sample 135
Getting values for sample 136
Getting values for sample 137
Getting values for sample 138
Getting values for sample 139
Getting values for sample 140
Getting values for sample 141
Getting values for sample 142
Getting values for sample 143
Getting values for sample 144
Getting values for sample 145
Getting values for sample 146
Getting values for sample 147
Getting values for sample 148
Getting values for sample 149
Getting values for sample 150
Getting values for sample 151
Getting values for sample 152
Getting values for sample 153
Getting values for sample 154
Getting values for sample 155
Getting values for sample 156
Getting values for sample 157
Getting values for sample 158
Getting values for sample 159
Getting values for sample 160
Getting values for sample 161
Getting values for sample 162
Getting values for sample 163
Getting values for sample 164
Getting values for sample 165
Getting values for sample 166
Getting values for sample 167
Getting values for sample 168
Getting values for sample 169
Getting values for sample 170
Getting values for sample 171
Getting values for sample 172
Getting values for sample 173
Getting values for sample 174
Getting values for sample 175
Getting values for sample 176
Getting values for sample 177
Getting values for sample 178
Getting values for sample 179
Getting values for sample 180
Getting values for sample 181
Getting values for sample 182
Getting values for sample 183
Getting values for sample 184
Getting values for sample 185
Getting values for sample 186
Getting values for sample 187
Getting values for sample 188
Getting values for sample 189
Getting values for sample 190
Getting values for sample 191
Getting values for sample 192
Getting values for sample 193
Getting values for sample 194
Getting values for sample 195
Getting values for sample 196
Getting values for sample 197
Getting values for sample 198
Getting values for sample 199
Getting values for sample 200
Getting values for sample 201
Getting values for sample 202
Getting values for sample 203
Getting values for sample 204
Getting values for sample 205
Getting values for sample 206
Getting values for sample 207
Getting values for sample 208
Getting values for sample 209
Getting values for sample 210
Getting values for sample 211
Getting values for sample 212
Getting values for sample 213
Getting values for sample 214
Getting values for sample 215
Getting values for sample 216
Getting values for sample 217
Getting values for sample 218
Getting values for sample 219
Getting values for sample 220
Getting values for sample 221
Getting values for sample 222
Getting values for sample 223
Getting values for sample 224
Getting values for sample 225
Getting values for sample 226
Getting values for sample 227
Getting values for sample 228
Getting values for sample 229
Getting values for sample 230
Getting values for sample 231
Getting values for sample 232
Getting values for sample 233
Getting values for sample 234
Getting values for sample 235
Getting values for sample 236
Getting values for sample 237
Getting values for sample 238
Getting values for sample 239
Getting values for sample 240
Getting values for sample 241
Getting values for sample 242
Getting values for sample 243
Getting values for sample 244
Getting values for sample 245
Getting values for sample 246
Getting values for sample 247
Getting values for sample 248
Getting values for sample 249
Getting values for sample 250
Getting values for sample 251
Getting values for sample 252
Getting values for sample 253
Getting values for sample 254
Getting values for sample 255
Getting values for sample 256
Getting values for sample 257
Getting values for sample 258
Getting values for sample 259
Getting values for sample 260
Getting values for sample 261
Getting values for sample 262
Getting values for sample 263
Getting values for sample 264
Getting values for sample 265
Getting values for sample 266
Getting values for sample 267
Getting values for sample 268
Getting values for sample 269
Getting values for sample 270
Getting values for sample 271
Getting values for sample 272
Getting values for sample 273
Getting values for sample 274
Getting values for sample 275
Getting values for sample 276
Getting values for sample 277
Getting values for sample 278
Getting values for sample 279
Getting values for sample 280
Getting values for sample 281
Getting values for sample 282
Getting values for sample 283
Getting values for sample 284
Getting values for sample 285
Getting values for sample 286
Getting values for sample 287
Getting values for sample 288
Getting values for sample 289
Getting values for sample 290
Getting values for sample 291
Getting values for sample 292
Getting values for sample 293
Getting values for sample 294
Getting values for sample 295
Getting values for sample 296
Getting values for sample 297
Getting values for sample 298
Getting values for sample 299
Getting values for sample 300
Getting values for sample 301
Getting values for sample 302
Getting values for sample 303
Getting values for sample 304
Getting values for sample 305
Getting values for sample 306
Getting values for sample 307
Getting values for sample 308
Getting values for sample 309
Getting values for sample 310
Getting values for sample 311
Getting values for sample 312
Getting values for sample 313
Getting values for sample 314
Getting values for sample 315
Getting values for sample 316
Getting values for sample 317
Getting values for sample 318
Getting values for sample 319
Getting values for sample 320
Getting values for sample 321
Getting values for sample 322
Getting values for sample 323
Getting values for sample 324
Getting values for sample 325
Getting values for sample 326
Getting values for sample 327
Getting values for sample 328
Getting values for sample 329
Getting values for sample 330
Getting values for sample 331
Getting values for sample 332
Getting values for sample 333
Getting values for sample 334
Getting values for sample 335
Getting values for sample 336
Getting values for sample 337
Getting values for sample 338
Getting values for sample 339
Getting values for sample 340
Getting values for sample 341
Getting values for sample 342
Getting values for sample 343
Getting values for sample 344
Getting values for sample 345
Getting values for sample 346
Getting values for sample 347
Getting values for sample 348
Getting values for sample 349
Getting values for sample 350
Getting values for sample 351
Getting values for sample 352
Getting values for sample 353
Getting values for sample 354
Getting values for sample 355
Getting values for sample 356
Getting values for sample 357
Getting values for sample 358
Getting values for sample 359
Getting values for sample 360
Getting values for sample 361
Getting values for sample 362
Getting values for sample 363
Getting values for sample 364
Getting values for sample 365
Getting values for sample 366
Getting values for sample 367
Getting values for sample 368
Getting values for sample 369
Getting values for sample 370
Getting values for sample 371
Getting values for sample 372
Getting values for sample 373
Getting values for sample 374
Getting values for sample 375
Getting values for sample 376
Getting values for sample 377
Getting values for sample 378
Getting values for sample 379
Getting values for sample 380
Getting values for sample 381
Getting values for sample 382
Getting values for sample 383
Getting values for sample 384
Getting values for sample 385
Getting values for sample 386
Getting values for sample 387
Getting values for sample 388
Getting values for sample 389
Getting values for sample 390
Getting values for sample 391
Getting values for sample 392
Getting values for sample 393
Getting values for sample 394
Getting values for sample 395
Getting values for sample 396
Getting values for sample 397
Getting values for sample 398
Getting values for sample 399
Getting values for sample 400
Getting values for sample 401
Getting values for sample 402
Getting values for sample 403
Getting values for sample 404
Getting values for sample 405
Getting values for sample 406
Getting values for sample 407
Getting values for sample 408
Getting values for sample 409
Getting values for sample 410
Getting values for sample 411
Getting values for sample 412
Getting values for sample 413
Getting values for sample 414
Getting values for sample 415
Getting values for sample 416
Getting values for sample 417
Getting values for sample 418
Getting values for sample 419
Getting values for sample 420
Getting values for sample 421
Getting values for sample 422
Getting values for sample 423
Getting values for sample 424
Getting values for sample 425
Getting values for sample 426
Getting values for sample 427
Getting values for sample 428
Getting values for sample 429
Getting values for sample 430
Getting values for sample 431
Getting values for sample 432
Getting values for sample 433
Getting values for sample 434
Getting values for sample 435
Getting values for sample 436
Getting values for sample 437
Getting values for sample 438
Getting values for sample 439
Getting values for sample 440
Getting values for sample 441
Getting values for sample 442
Getting values for sample 443
Getting values for sample 444
Getting values for sample 445
Getting values for sample 446
Getting values for sample 447
Getting values for sample 448
Getting values for sample 449
Getting values for sample 450
Getting values for sample 451
Getting values for sample 452
Getting values for sample 453
Getting values for sample 454
Getting values for sample 455
Getting values for sample 456
Getting values for sample 457
Getting values for sample 458
Getting values for sample 459
Getting values for sample 460
Getting values for sample 461
Getting values for sample 462
Getting values for sample 463
Getting values for sample 464
Getting values for sample 465
Getting values for sample 466
Getting values for sample 467
Getting values for sample 468
Getting values for sample 469
Getting values for sample 470
Getting values for sample 471
Getting values for sample 472
Getting values for sample 473
Getting values for sample 474
Getting values for sample 475
Getting values for sample 476
Getting values for sample 477
Getting values for sample 478
Getting values for sample 479
Getting values for sample 480
Getting values for sample 481
Getting values for sample 482
Getting values for sample 483
Getting values for sample 484
Getting values for sample 485
Getting values for sample 486
Getting values for sample 487
Getting values for sample 488
Getting values for sample 489
Getting values for sample 490
Getting values for sample 491
Getting values for sample 492
Getting values for sample 493
Getting values for sample 494
Getting values for sample 495
Getting values for sample 496
Getting values for sample 497
Getting values for sample 498
Getting values for sample 499
Getting values for sample 500
Sorting samples for quantile summaries
Getting summary statistics for each parameter
Writing summary statistics to file /corexfs/schroedj/src/enricherator/examples/nonstranded/example_results/draws_5/summaries.txt
[1] 1
[1] 1 2 3
[1] "Writing quantiles of interest to files"
[1] "Param: Alpha"
[1] "Geno_id: 1"
[1] "Writing lower Alpha estimates to example_results/out_files/py79_both_strand_Alpha_lower.bedgraph"
[1] "Writing median Alpha estimates to example_results/out_files/py79_both_strand_Alpha_median.bedgraph"
[1] "Writing mean Alpha estimates to example_results/out_files/py79_both_strand_Alpha_mean.bedgraph"
[1] "Writing upper Alpha estimates to example_results/out_files/py79_both_strand_Alpha_upper.bedgraph"
[1] "Writing K_gt Alpha estimates to example_results/out_files/py79_both_strand_Alpha_K_gt.bedgraph"
[1] "Writing K_lt Alpha estimates to example_results/out_files/py79_both_strand_Alpha_K_lt.bedgraph"
[1] "Geno_id: 2"
[1] "Writing lower Alpha estimates to example_results/out_files/rnhB_both_strand_Alpha_lower.bedgraph"
[1] "Writing median Alpha estimates to example_results/out_files/rnhB_both_strand_Alpha_median.bedgraph"
[1] "Writing mean Alpha estimates to example_results/out_files/rnhB_both_strand_Alpha_mean.bedgraph"
[1] "Writing upper Alpha estimates to example_results/out_files/rnhB_both_strand_Alpha_upper.bedgraph"
[1] "Writing K_gt Alpha estimates to example_results/out_files/rnhB_both_strand_Alpha_K_gt.bedgraph"
[1] "Writing K_lt Alpha estimates to example_results/out_files/rnhB_both_strand_Alpha_K_lt.bedgraph"
[1] "Geno_id: 3"
[1] "Writing lower Alpha estimates to example_results/out_files/rnhC_both_strand_Alpha_lower.bedgraph"
[1] "Writing median Alpha estimates to example_results/out_files/rnhC_both_strand_Alpha_median.bedgraph"
[1] "Writing mean Alpha estimates to example_results/out_files/rnhC_both_strand_Alpha_mean.bedgraph"
[1] "Writing upper Alpha estimates to example_results/out_files/rnhC_both_strand_Alpha_upper.bedgraph"
[1] "Writing K_gt Alpha estimates to example_results/out_files/rnhC_both_strand_Alpha_K_gt.bedgraph"
[1] "Writing K_lt Alpha estimates to example_results/out_files/rnhC_both_strand_Alpha_K_lt.bedgraph"
[1] "Param: Beta"
[1] "Geno_id: 1"
[1] "Writing lower Beta estimates to example_results/out_files/py79_both_strand_Beta_lower.bedgraph"
[1] "Writing median Beta estimates to example_results/out_files/py79_both_strand_Beta_median.bedgraph"
[1] "Writing mean Beta estimates to example_results/out_files/py79_both_strand_Beta_mean.bedgraph"
[1] "Writing upper Beta estimates to example_results/out_files/py79_both_strand_Beta_upper.bedgraph"
[1] "Writing K_gt Beta estimates to example_results/out_files/py79_both_strand_Beta_K_gt.bedgraph"
[1] "Writing K_lt Beta estimates to example_results/out_files/py79_both_strand_Beta_K_lt.bedgraph"
[1] "Geno_id: 2"
[1] "Writing lower Beta estimates to example_results/out_files/rnhB_both_strand_Beta_lower.bedgraph"
[1] "Writing median Beta estimates to example_results/out_files/rnhB_both_strand_Beta_median.bedgraph"
[1] "Writing mean Beta estimates to example_results/out_files/rnhB_both_strand_Beta_mean.bedgraph"
[1] "Writing upper Beta estimates to example_results/out_files/rnhB_both_strand_Beta_upper.bedgraph"
[1] "Writing K_gt Beta estimates to example_results/out_files/rnhB_both_strand_Beta_K_gt.bedgraph"
[1] "Writing K_lt Beta estimates to example_results/out_files/rnhB_both_strand_Beta_K_lt.bedgraph"
[1] "Geno_id: 3"
[1] "Writing lower Beta estimates to example_results/out_files/rnhC_both_strand_Beta_lower.bedgraph"
[1] "Writing median Beta estimates to example_results/out_files/rnhC_both_strand_Beta_median.bedgraph"
[1] "Writing mean Beta estimates to example_results/out_files/rnhC_both_strand_Beta_mean.bedgraph"
[1] "Writing upper Beta estimates to example_results/out_files/rnhC_both_strand_Beta_upper.bedgraph"
[1] "Writing K_gt Beta estimates to example_results/out_files/rnhC_both_strand_Beta_K_gt.bedgraph"
[1] "Writing K_lt Beta estimates to example_results/out_files/rnhC_both_strand_Beta_K_lt.bedgraph"
