During startup - Warning messages:
1: Setting LC_CTYPE failed, using "C" 
2: Setting LC_COLLATE failed, using "C" 
3: Setting LC_TIME failed, using "C" 
4: Setting LC_MESSAGES failed, using "C" 
5: Setting LC_MONETARY failed, using "C" 
6: Setting LC_PAPER failed, using "C" 
7: Setting LC_MEASUREMENT failed, using "C" 
This is cmdstanr version 0.6.1
- CmdStanR documentation and vignettes: mc-stan.org/cmdstanr
- CmdStan path: /home/schroedj/.cmdstan/cmdstan-2.30.1
- CmdStan version: 2.30.1

A newer version of CmdStan is available. See ?install_cmdstan() to install it.
To disable this check set option or environment variable CMDSTANR_NO_VER_CHECK=TRUE.
Error: package or namespace load failed for 'tidyverse' in dyn.load(file, DLLpath = DLLpath, ...):
 unable to load shared object '/conda/envs/rstan/lib/R/library/stringi/libs/stringi.so':
  libicui18n.so.58: cannot open shared object file: No such file or directory
In addition: Warning message:
Failed to locate timezone database 
Execution halted
